# JRE version: OpenJDK Runtime Environment (11.0.8+10) (build 11.0.8+10-b944.6842174)
# Java VM: OpenJDK 64-Bit Server VM (11.0.8+10-b944.6842174, mixed mode, tiered, compressed oops, g1 gc, windows-amd64)
Heap:
 garbage-first heap   total 620544K, used 328575K [0x0000000080000000, 0x0000000100000000)
  region size 1024K, 111 young (113664K), 28 survivors (28672K)
 Metaspace       used 119051K, capacity 121791K, committed 122492K, reserved 1157120K
  class space    used 14537K, capacity 15526K, committed 15872K, reserved 1048576K
GC Heap History (20 events):
Event: 4367.595 GC heap before
{Heap before GC invocations=187 (full 0):
 garbage-first heap   total 620544K, used 496034K [0x0000000080000000, 0x0000000100000000)
  region size 1024K, 318 young (325632K), 18 survivors (18432K)
 Metaspace       used 118630K, capacity 121328K, committed 121980K, reserved 1155072K
  class space    used 14530K, capacity 15520K, committed 15872K, reserved 1048576K
}
Event: 4367.959 GC heap after
{Heap after GC invocations=188 (full 0):
 garbage-first heap   total 620544K, used 196514K [0x0000000080000000, 0x0000000100000000)
  region size 1024K, 26 young (26624K), 26 survivors (26624K)
 Metaspace       used 118630K, capacity 121328K, committed 121980K, reserved 1155072K
  class space    used 14530K, capacity 15520K, committed 15872K, reserved 1048576K
}
Event: 4370.540 GC heap before
{Heap before GC invocations=188 (full 0):
 garbage-first heap   total 620544K, used 339874K [0x0000000080000000, 0x0000000100000000)
  region size 1024K, 166 young (169984K), 26 survivors (26624K)
 Metaspace       used 118638K, capacity 121392K, committed 121980K, reserved 1155072K
  class space    used 14530K, capacity 15520K, committed 15872K, reserved 1048576K
}
Event: 4370.758 GC heap after
{Heap after GC invocations=189 (full 0):
 garbage-first heap   total 620544K, used 196496K [0x0000000080000000, 0x0000000100000000)
  region size 1024K, 4 young (4096K), 4 survivors (4096K)
 Metaspace       used 118638K, capacity 121392K, committed 121980K, reserved 1155072K
  class space    used 14530K, capacity 15520K, committed 15872K, reserved 1048576K
}
Event: 4375.362 GC heap before
{Heap before GC invocations=189 (full 0):
 garbage-first heap   total 620544K, used 506768K [0x0000000080000000, 0x0000000100000000)
  region size 1024K, 306 young (313344K), 4 survivors (4096K)
 Metaspace       used 118724K, capacity 121459K, committed 122236K, reserved 1155072K
  class space    used 14530K, capacity 15520K, committed 15872K, reserved 1048576K
}
Event: 4375.394 GC heap after
{Heap after GC invocations=190 (full 0):
 garbage-first heap   total 620544K, used 203600K [0x0000000080000000, 0x0000000100000000)
  region size 1024K, 10 young (10240K), 10 survivors (10240K)
 Metaspace       used 118724K, capacity 121459K, committed 122236K, reserved 1155072K
  class space    used 14530K, capacity 15520K, committed 15872K, reserved 1048576K
}
Event: 4379.573 GC heap before
{Heap before GC invocations=190 (full 0):
 garbage-first heap   total 620544K, used 514896K [0x0000000080000000, 0x0000000100000000)
  region size 1024K, 314 young (321536K), 10 survivors (10240K)
 Metaspace       used 118785K, capacity 121485K, committed 122236K, reserved 1155072K
  class space    used 14530K, capacity 15520K, committed 15872K, reserved 1048576K
}
Event: 4379.632 GC heap after
{Heap after GC invocations=191 (full 0):
 garbage-first heap   total 620544K, used 207249K [0x0000000080000000, 0x0000000100000000)
  region size 1024K, 14 young (14336K), 14 survivors (14336K)
 Metaspace       used 118785K, capacity 121485K, committed 122236K, reserved 1155072K
  class space    used 14530K, capacity 15520K, committed 15872K, reserved 1048576K
}
Event: 4381.629 GC heap before
{Heap before GC invocations=191 (full 0):
 garbage-first heap   total 620544K, used 520593K [0x0000000080000000, 0x0000000100000000)
  region size 1024K, 320 young (327680K), 14 survivors (14336K)
 Metaspace       used 118819K, capacity 121553K, committed 122236K, reserved 1155072K
  class space    used 14530K, capacity 15520K, committed 15872K, reserved 1048576K
}
Event: 4381.706 GC heap after
{Heap after GC invocations=192 (full 0):
 garbage-first heap   total 620544K, used 216977K [0x0000000080000000, 0x0000000100000000)
  region size 1024K, 24 young (24576K), 24 survivors (24576K)
 Metaspace       used 118819K, capacity 121553K, committed 122236K, reserved 1155072K
  class space    used 14530K, capacity 15520K, committed 15872K, reserved 1048576K
}
Event: 4384.141 GC heap before
{Heap before GC invocations=192 (full 0):
 garbage-first heap   total 620544K, used 522129K [0x0000000080000000, 0x0000000100000000)
  region size 1024K, 322 young (329728K), 24 survivors (24576K)
 Metaspace       used 118856K, capacity 121569K, committed 122236K, reserved 1155072K
  class space    used 14531K, capacity 15522K, committed 15872K, reserved 1048576K
}
Event: 4384.261 GC heap after
{Heap after GC invocations=193 (full 0):
 garbage-first heap   total 620544K, used 219693K [0x0000000080000000, 0x0000000100000000)
  region size 1024K, 24 young (24576K), 24 survivors (24576K)
 Metaspace       used 118856K, capacity 121569K, committed 122236K, reserved 1155072K
  class space    used 14531K, capacity 15522K, committed 15872K, reserved 1048576K
}
Event: 4386.350 GC heap before
{Heap before GC invocations=193 (full 0):
 garbage-first heap   total 620544K, used 525869K [0x0000000080000000, 0x0000000100000000)
  region size 1024K, 322 young (329728K), 24 survivors (24576K)
 Metaspace       used 118898K, capacity 121647K, committed 122236K, reserved 1155072K
  class space    used 14532K, capacity 15524K, committed 15872K, reserved 1048576K
}
Event: 4386.441 GC heap after
{Heap after GC invocations=194 (full 0):
 garbage-first heap   total 620544K, used 223607K [0x0000000080000000, 0x0000000100000000)
  region size 1024K, 23 young (23552K), 23 survivors (23552K)
 Metaspace       used 118898K, capacity 121647K, committed 122236K, reserved 1155072K
  class space    used 14532K, capacity 15524K, committed 15872K, reserved 1048576K
}
Event: 4390.521 GC heap before
{Heap before GC invocations=194 (full 0):
 garbage-first heap   total 620544K, used 526711K [0x0000000080000000, 0x0000000100000000)
  region size 1024K, 318 young (325632K), 23 survivors (23552K)
 Metaspace       used 118949K, capacity 121715K, committed 122236K, reserved 1155072K
  class space    used 14533K, capacity 15524K, committed 15872K, reserved 1048576K
}
Event: 4390.602 GC heap after
{Heap after GC invocations=195 (full 0):
 garbage-first heap   total 620544K, used 228399K [0x0000000080000000, 0x0000000100000000)
  region size 1024K, 23 young (23552K), 23 survivors (23552K)
 Metaspace       used 118949K, capacity 121715K, committed 122236K, reserved 1155072K
  class space    used 14533K, capacity 15524K, committed 15872K, reserved 1048576K
}
Event: 4392.742 GC heap before
{Heap before GC invocations=195 (full 0):
 garbage-first heap   total 620544K, used 523311K [0x0000000080000000, 0x0000000100000000)
  region size 1024K, 311 young (318464K), 23 survivors (23552K)
 Metaspace       used 118972K, capacity 121723K, committed 122236K, reserved 1155072K
  class space    used 14535K, capacity 15526K, committed 15872K, reserved 1048576K
}
Event: 4392.849 GC heap after
{Heap after GC invocations=196 (full 0):
 garbage-first heap   total 620544K, used 232134K [0x0000000080000000, 0x0000000100000000)
  region size 1024K, 22 young (22528K), 22 survivors (22528K)
 Metaspace       used 118972K, capacity 121723K, committed 122236K, reserved 1155072K
  class space    used 14535K, capacity 15526K, committed 15872K, reserved 1048576K
}
Event: 4395.001 GC heap before
{Heap before GC invocations=196 (full 0):
 garbage-first heap   total 620544K, used 521926K [0x0000000080000000, 0x0000000100000000)
  region size 1024K, 305 young (312320K), 22 survivors (22528K)
 Metaspace       used 118998K, capacity 121788K, committed 122492K, reserved 1157120K
  class space    used 14537K, capacity 15526K, committed 15872K, reserved 1048576K
}
Event: 4395.231 GC heap after
{Heap after GC invocations=197 (full 0):
 garbage-first heap   total 620544K, used 233380K [0x0000000080000000, 0x0000000100000000)
  region size 1024K, 20 young (20480K), 20 survivors (20480K)
 Metaspace       used 118998K, capacity 121788K, committed 122492K, reserved 1157120K
  class space    used 14537K, capacity 15526K, committed 15872K, reserved 1048576K
}

